<?xml version="1.0" encoding="UTF-8"?>
<!-- Generated by org.testng.reporters.JUnitReportReporter -->
<testsuite name="test.DemoTestDataProvider" tests="2" time="0.037" ignored="0" failures="0" timestamp="30 Jun 2018 05:22:44 GMT" skipped="0" hostname="DESKTOP-R0QK2O8" errors="0">
  <testcase name="printData" time="0.033" classname="test.DemoTestDataProvider"/>
  <testcase name="printData" time="0.004" classname="test.DemoTestDataProvider"/>
</testsuite> <!-- test.DemoTestDataProvider -->
